Traceback (most recent call last):
  File "/opt/hostedtoolcache/Python/3.10.4/x64/lib/python3.10/site-packages/jupyter_cache/executors/utils.py", line 51, in single_nb_execution
    executenb(
  File "/opt/hostedtoolcache/Python/3.10.4/x64/lib/python3.10/site-packages/nbclient/client.py", line 1204, in execute
    return NotebookClient(nb=nb, resources=resources, km=km, **kwargs).execute()
  File "/opt/hostedtoolcache/Python/3.10.4/x64/lib/python3.10/site-packages/nbclient/util.py", line 84, in wrapped
    return just_run(coro(*args, **kwargs))
  File "/opt/hostedtoolcache/Python/3.10.4/x64/lib/python3.10/site-packages/nbclient/util.py", line 62, in just_run
    return loop.run_until_complete(coro)
  File "/opt/hostedtoolcache/Python/3.10.4/x64/lib/python3.10/asyncio/base_events.py", line 646, in run_until_complete
    return future.result()
  File "/opt/hostedtoolcache/Python/3.10.4/x64/lib/python3.10/site-packages/nbclient/client.py", line 663, in async_execute
    await self.async_execute_cell(
  File "/opt/hostedtoolcache/Python/3.10.4/x64/lib/python3.10/site-packages/nbclient/client.py", line 965, in async_execute_cell
    await self._check_raise_for_error(cell, cell_index, exec_reply)
  File "/opt/hostedtoolcache/Python/3.10.4/x64/lib/python3.10/site-packages/nbclient/client.py", line 862, in _check_raise_for_error
    raise CellExecutionError.from_cell_and_msg(cell, exec_reply_content)
nbclient.exceptions.CellExecutionError: An error occurred while executing the following cell:
------------------
from striplog import Striplog

csv = """Top,Base,Comp Time,Comp Depth
100,200,2,a
110,120,1,b
150,325,3,c
210,225,1,d
300,400,2,e
350,375,3,f
"""

s = Striplog.from_csv(text=csv)
------------------

[0;31m---------------------------------------------------------------------------[0m
[0;31mTypeError[0m                                 Traceback (most recent call last)
Input [0;32mIn [1][0m, in [0;36m<cell line: 12>[0;34m()[0m
[1;32m      1[0m [38;5;28;01mfrom[39;00m [38;5;21;01mstriplog[39;00m [38;5;28;01mimport[39;00m Striplog
[1;32m      3[0m csv [38;5;241m=[39m [38;5;124m"""[39m[38;5;124mTop,Base,Comp Time,Comp Depth[39m
[1;32m      4[0m [38;5;124m100,200,2,a[39m
[1;32m      5[0m [38;5;124m110,120,1,b[39m
[0;32m   (...)[0m
[1;32m      9[0m [38;5;124m350,375,3,f[39m
[1;32m     10[0m [38;5;124m"""[39m
[0;32m---> 12[0m s [38;5;241m=[39m [43mStriplog[49m[38;5;241;43m.[39;49m[43mfrom_csv[49m[43m([49m[43mtext[49m[38;5;241;43m=[39;49m[43mcsv[49m[43m)[49m

[0;31mTypeError[0m: Striplog.from_csv() missing 1 required positional argument: 'filename'
TypeError: Striplog.from_csv() missing 1 required positional argument: 'filename'

